<?xml version="1.0" encoding="UTF-8"?><testrun name="TestThreeUsersRunClient" project="RtcaTesting" tests="1" started="1" failures="0" errors="1" ignored="0">
  <testsuite name="ch.ethz.fgremper.test.combination.TestThreeUsersRunClient" time="71.446">
    <testcase name="test" classname="ch.ethz.fgremper.test.combination.TestThreeUsersRunClient" time="71.446">
      <error>org.eclipse.jgit.errors.MissingObjectException: Missing unknown 1059f9c23450ab637e1d3b60008deb8050dc72dd
	at org.eclipse.jgit.internal.storage.file.WindowCursor.open(WindowCursor.java:148)
	at org.eclipse.jgit.lib.ObjectDatabase.open(ObjectDatabase.java:177)
	at org.eclipse.jgit.lib.ObjectDatabase.open(ObjectDatabase.java:147)
	at org.eclipse.jgit.lib.Repository.open(Repository.java:250)
	at ch.ethz.fgremper.rtca.RepositoryReader.&lt;init&gt;(RepositoryReader.java:191)
	at ch.ethz.fgremper.rtca.ClientMain.main(ClientMain.java:58)
	at ch.ethz.fgremper.test.combination.TestThreeUsersRunClient.test(TestThreeUsersRunClient.java:20)
	at sun.reflect.NativeMethodAccessorImpl.invoke0(Native Method)
	at sun.reflect.NativeMethodAccessorImpl.invoke(NativeMethodAccessorImpl.java:57)
	at sun.reflect.DelegatingMethodAccessorImpl.invoke(DelegatingMethodAccessorImpl.java:43)
	at java.lang.reflect.Method.invoke(Method.java:606)
	at org.junit.runners.model.FrameworkMethod$1.runReflectiveCall(FrameworkMethod.java:47)
	at org.junit.internal.runners.model.ReflectiveCallable.run(ReflectiveCallable.java:12)
	at org.junit.runners.model.FrameworkMethod.invokeExplosively(FrameworkMethod.java:44)
	at org.junit.internal.runners.statements.InvokeMethod.evaluate(InvokeMethod.java:17)
	at org.junit.runners.ParentRunner.runLeaf(ParentRunner.java:271)
	at org.junit.runners.BlockJUnit4ClassRunner.runChild(BlockJUnit4ClassRunner.java:70)
	at org.junit.runners.BlockJUnit4ClassRunner.runChild(BlockJUnit4ClassRunner.java:50)
	at org.junit.runners.ParentRunner$3.run(ParentRunner.java:238)
	at org.junit.runners.ParentRunner$1.schedule(ParentRunner.java:63)
	at org.junit.runners.ParentRunner.runChildren(ParentRunner.java:236)
	at org.junit.runners.ParentRunner.access$000(ParentRunner.java:53)
	at org.junit.runners.ParentRunner$2.evaluate(ParentRunner.java:229)
	at org.junit.runners.ParentRunner.run(ParentRunner.java:309)
	at org.eclipse.jdt.internal.junit4.runner.JUnit4TestReference.run(JUnit4TestReference.java:50)
	at org.eclipse.jdt.internal.junit.runner.TestExecution.run(TestExecution.java:38)
	at org.eclipse.jdt.internal.junit.runner.RemoteTestRunner.runTests(RemoteTestRunner.java:459)
	at org.eclipse.jdt.internal.junit.runner.RemoteTestRunner.runTests(RemoteTestRunner.java:675)
	at org.eclipse.jdt.internal.junit.runner.RemoteTestRunner.run(RemoteTestRunner.java:382)
	at org.eclipse.jdt.internal.junit.runner.RemoteTestRunner.main(RemoteTestRunner.java:192)

</error>
    </testcase>
  </testsuite>
</testrun>
