<?xml version="1.0" encoding="UTF-8"?><testrun name="ClientConfigReaderTest" project="CSTesting" tests="11" started="11" failures="0" errors="2" ignored="0">
  <testsuite name="ch.ethz.fgremper.cloudstudio.testing.client.ClientConfigReaderTest" time="1.132">
    <testcase name="testEmptyUsername" classname="ch.ethz.fgremper.cloudstudio.testing.client.ClientConfigReaderTest" time="1.095"/>
    <testcase name="testAllInfo" classname="ch.ethz.fgremper.cloudstudio.testing.client.ClientConfigReaderTest" time="0.009">
      <error>java.lang.Exception: No password in config
	at ch.ethz.fgremper.cloudstudio.client.ClientConfigReader.&lt;init&gt;(ClientConfigReader.java:41)
	at ch.ethz.fgremper.cloudstudio.testing.client.ClientConfigReaderTest.testAllInfo(ClientConfigReaderTest.java:32)
	at sun.reflect.NativeMethodAccessorImpl.invoke0(Native Method)
	at sun.reflect.NativeMethodAccessorImpl.invoke(NativeMethodAccessorImpl.java:57)
	at sun.reflect.DelegatingMethodAccessorImpl.invoke(DelegatingMethodAccessorImpl.java:43)
	at java.lang.reflect.Method.invoke(Method.java:606)
	at org.junit.runners.model.FrameworkMethod$1.runReflectiveCall(FrameworkMethod.java:47)
	at org.junit.internal.runners.model.ReflectiveCallable.run(ReflectiveCallable.java:12)
	at org.junit.runners.model.FrameworkMethod.invokeExplosively(FrameworkMethod.java:44)
	at org.junit.internal.runners.statements.InvokeMethod.evaluate(InvokeMethod.java:17)
	at org.junit.runners.ParentRunner.runLeaf(ParentRunner.java:271)
	at org.junit.runners.BlockJUnit4ClassRunner.runChild(BlockJUnit4ClassRunner.java:70)
	at org.junit.runners.BlockJUnit4ClassRunner.runChild(BlockJUnit4ClassRunner.java:50)
	at org.junit.runners.ParentRunner$3.run(ParentRunner.java:238)
	at org.junit.runners.ParentRunner$1.schedule(ParentRunner.java:63)
	at org.junit.runners.ParentRunner.runChildren(ParentRunner.java:236)
	at org.junit.runners.ParentRunner.access$000(ParentRunner.java:53)
	at org.junit.runners.ParentRunner$2.evaluate(ParentRunner.java:229)
	at org.junit.runners.ParentRunner.run(ParentRunner.java:309)
	at org.eclipse.jdt.internal.junit4.runner.JUnit4TestReference.run(JUnit4TestReference.java:50)
	at org.eclipse.jdt.internal.junit.runner.TestExecution.run(TestExecution.java:38)
	at org.eclipse.jdt.internal.junit.runner.RemoteTestRunner.runTests(RemoteTestRunner.java:459)
	at org.eclipse.jdt.internal.junit.runner.RemoteTestRunner.runTests(RemoteTestRunner.java:675)
	at org.eclipse.jdt.internal.junit.runner.RemoteTestRunner.run(RemoteTestRunner.java:382)
	at org.eclipse.jdt.internal.junit.runner.RemoteTestRunner.main(RemoteTestRunner.java:192)

</error>
    </testcase>
    <testcase name="testNoRepositoryLocalPath" classname="ch.ethz.fgremper.cloudstudio.testing.client.ClientConfigReaderTest" time="0.004"/>
    <testcase name="testEmptyRepositoryLocalPath" classname="ch.ethz.fgremper.cloudstudio.testing.client.ClientConfigReaderTest" time="0.003"/>
    <testcase name="testNoRepository" classname="ch.ethz.fgremper.cloudstudio.testing.client.ClientConfigReaderTest" time="0.003"/>
    <testcase name="testEmptyRepositoryAlias" classname="ch.ethz.fgremper.cloudstudio.testing.client.ClientConfigReaderTest" time="0.003"/>
    <testcase name="testNoUsername" classname="ch.ethz.fgremper.cloudstudio.testing.client.ClientConfigReaderTest" time="0.004"/>
    <testcase name="testEmptyServerUrl" classname="ch.ethz.fgremper.cloudstudio.testing.client.ClientConfigReaderTest" time="0.003"/>
    <testcase name="testNoServerUrl" classname="ch.ethz.fgremper.cloudstudio.testing.client.ClientConfigReaderTest" time="0.003"/>
    <testcase name="testNoRepositoryAlias" classname="ch.ethz.fgremper.cloudstudio.testing.client.ClientConfigReaderTest" time="0.002"/>
    <testcase name="testAllInfoTwoRepositories" classname="ch.ethz.fgremper.cloudstudio.testing.client.ClientConfigReaderTest" time="0.003">
      <error>java.lang.Exception: No password in config
	at ch.ethz.fgremper.cloudstudio.client.ClientConfigReader.&lt;init&gt;(ClientConfigReader.java:41)
	at ch.ethz.fgremper.cloudstudio.testing.client.ClientConfigReaderTest.testAllInfoTwoRepositories(ClientConfigReaderTest.java:60)
	at sun.reflect.NativeMethodAccessorImpl.invoke0(Native Method)
	at sun.reflect.NativeMethodAccessorImpl.invoke(NativeMethodAccessorImpl.java:57)
	at sun.reflect.DelegatingMethodAccessorImpl.invoke(DelegatingMethodAccessorImpl.java:43)
	at java.lang.reflect.Method.invoke(Method.java:606)
	at org.junit.runners.model.FrameworkMethod$1.runReflectiveCall(FrameworkMethod.java:47)
	at org.junit.internal.runners.model.ReflectiveCallable.run(ReflectiveCallable.java:12)
	at org.junit.runners.model.FrameworkMethod.invokeExplosively(FrameworkMethod.java:44)
	at org.junit.internal.runners.statements.InvokeMethod.evaluate(InvokeMethod.java:17)
	at org.junit.runners.ParentRunner.runLeaf(ParentRunner.java:271)
	at org.junit.runners.BlockJUnit4ClassRunner.runChild(BlockJUnit4ClassRunner.java:70)
	at org.junit.runners.BlockJUnit4ClassRunner.runChild(BlockJUnit4ClassRunner.java:50)
	at org.junit.runners.ParentRunner$3.run(ParentRunner.java:238)
	at org.junit.runners.ParentRunner$1.schedule(ParentRunner.java:63)
	at org.junit.runners.ParentRunner.runChildren(ParentRunner.java:236)
	at org.junit.runners.ParentRunner.access$000(ParentRunner.java:53)
	at org.junit.runners.ParentRunner$2.evaluate(ParentRunner.java:229)
	at org.junit.runners.ParentRunner.run(ParentRunner.java:309)
	at org.eclipse.jdt.internal.junit4.runner.JUnit4TestReference.run(JUnit4TestReference.java:50)
	at org.eclipse.jdt.internal.junit.runner.TestExecution.run(TestExecution.java:38)
	at org.eclipse.jdt.internal.junit.runner.RemoteTestRunner.runTests(RemoteTestRunner.java:459)
	at org.eclipse.jdt.internal.junit.runner.RemoteTestRunner.runTests(RemoteTestRunner.java:675)
	at org.eclipse.jdt.internal.junit.runner.RemoteTestRunner.run(RemoteTestRunner.java:382)
	at org.eclipse.jdt.internal.junit.runner.RemoteTestRunner.main(RemoteTestRunner.java:192)

</error>
    </testcase>
  </testsuite>
</testrun>
